C51 COMPILER V9.60.0.0   ADC                                                               05/19/2023 10:43:17 PAGE 1   


C51 COMPILER V9.60.0.0, COMPILATION OF MODULE ADC
OBJECT MODULE PLACED IN .\Output\adc.obj
COMPILER INVOKED BY: C:\Keil_v5\C51\BIN\C51.EXE ..\..\..\..\Library\StdDriver\src\adc.c LARGE OMF2 OPTIMIZE(7,SPEED) BRO
                    -WSE INCDIR(..\..\..\..\Library\Device\Include;..\..\..\..\Library\StdDriver\inc) DEBUG PRINT(.\LST\adc.lst) TABS(2) OBJE
                    -CT(.\Output\adc.obj)

line level    source

*** WARNING C500 IN LINE 1 OF ..\..\..\..\Library\StdDriver\src\adc.c: LICENSE ERROR (R219(1): FLOATING LICENSE FILE (*.
             -FLF) NOT FOUND)

   1          /*--------------------------------------------------------------------------------------------------------
             --*/
   2          /*                                                                                                        
             - */
   3          /* Copyright(c) 2023 Nuvoton Technology Corp. All rights reserved.                                        
             - */
   4          /*                                                                                                        
             - */
   5          /*--------------------------------------------------------------------------------------------------------
             --*/
   6          
   7          
   8          #include "MG51.h"
   9          
  10           /**
  11            * @brief This configures ADC module compare mode 
  12            * @param[u8ADCCMPEN]  Decides the ADC Compare mode enable / disable
  13            * @param[u16ADCCMPVALUE] u16ADCCMPVALUE Decides the ADC comapre value. 
  14            * @return  None
  15            * @note  for MG51 Series ONLY when the compare value is same as the ADCMPH+ADCMPL the ADCF flag will be 
             -set to 1.
  16            * @example ADC_ComapreMode(ENABLE,0x3FF);
  17            */
  18          void ADC_ComapreMode(unsigned char u8ADCCMPEN, unsigned int u16ADCCMPVALUE)
  19          {
  20   1          SFRS=0;
  21   1          ADCMPL = u16ADCCMPVALUE&0x000F;
  22   1          ADCMPH = u16ADCCMPVALUE>>4;
  23   1          if (u8ADCCMPEN)
  24   1          {
  25   2            set_ADCCON2_ADCMPEN;
  26   2          }
  27   1          else
  28   1          {
  29   2            clr_ADCCON2_ADCMPEN;
  30   2          }
  31   1      }
  32          
  33          
  34           /**
  35            * @brief This configures ADC Sampling time 
  36            * @param[u8ADCDIV] Decides the ADC clock devider value. Value from 0 ~ 3, devider is from 1 ~ 128, defau
             -lt value is 0 means Fadc = Fsys/1 
  37            * @param[u8ADCAQT] Decides the ADC acquisition time base to add sampling time for ADC input, value is fr
             -om 0 ~ 7, time = (4*u8ADCAQT+6)/Fadc, default value is 10/Fsys = 417ns.
  38            * @return  None
  39            * @note 
  40            * @example ADC_ConvertTime(ADC_ADCDIV2,ADC_ADCAQT5);
  41            */
  42          void ADC_ConvertTime(unsigned char u8ADCDIV, unsigned char u8ADCAQT)
  43          {
C51 COMPILER V9.60.0.0   ADC                                                               05/19/2023 10:43:17 PAGE 2   

  44   1          SFRS=0;
  45   1          ADCCON1 &= 0x8F;
  46   1          ADCCON1 |= (u8ADCDIV&0x07)<<4;
  47   1          ADCCON2&=0xF1;
  48   1          ADCCON2|=(u8ADCAQT&0x07)<<1;
  49   1      }
  50          
  51          
  52          /**
  53            * @brief Read the bandgap value base on Vref = 3.072V storage address after UID area.
  54            * @param[in] none
  55            * @return 12bit bandgap value
  56            * @example temp = READ_BANDGAP();
  57            */
  58          unsigned int READ_BANDGAP()
  59          {
  60   1          unsigned char BandgapHigh,BandgapLow;
  61   1          unsigned int u16bgvalue;
  62   1          set_CHPCON_IAPEN;
  63   1          IAPCN = READ_UID;
  64   1          IAPAL = 0x0d;
  65   1          IAPAH = 0x00;
  66   1          set_IAPTRG_IAPGO;
  67   1          BandgapLow = IAPFD&0x0F;
  68   1          IAPAL = 0x0C;
  69   1          IAPAH = 0x00;
  70   1          set_IAPTRG_IAPGO;
  71   1          BandgapHigh = IAPFD;
  72   1          u16bgvalue = (BandgapHigh<<4)+BandgapLow;
  73   1          clr_CHPCON_IAPEN;
  74   1          return (u16bgvalue);
  75   1      }
  76          


MODULE INFORMATION:   STATIC OVERLAYABLE
   CODE SIZE        =    212    ----
   CONSTANT SIZE    =   ----    ----
   XDATA SIZE       =   ----    ----
   PDATA SIZE       =   ----    ----
   DATA SIZE        =   ----    ----
   IDATA SIZE       =   ----    ----
   BIT SIZE         =   ----    ----
   EDATA SIZE       =   ----    ----
   HDATA SIZE       =   ----    ----
   XDATA CONST SIZE =   ----    ----
   FAR CONST SIZE   =   ----    ----
END OF MODULE INFORMATION.


C51 COMPILATION COMPLETE.  1 WARNING(S),  0 ERROR(S)
