C51 COMPILER V9.60.0.0   COMMON                                                            05/19/2023 11:27:02 PAGE 1   


C51 COMPILER V9.60.0.0, COMPILATION OF MODULE COMMON
OBJECT MODULE PLACED IN .\Output\common.obj
COMPILER INVOKED BY: C:\Keil_v5\C51\BIN\C51.EXE ..\..\..\..\Library\StdDriver\src\common.c LARGE OMF2 OPTIMIZE(7,SPEED) 
                    -BROWSE INCDIR(..\..\..\..\Library\Device\Include;..\..\..\..\Library\StdDriver\inc) DEBUG PRINT(.\LST\common.lst) TABS(2
                    -) OBJECT(.\Output\common.obj)

line level    source

   1          /*--------------------------------------------------------------------------------------------------------
             --*/
   2          /*                                                                                                        
             - */
   3          /* SPDX-License-Identifier: Apache-2.0                                                                    
             - */
   4          /* Copyright(c) 2023 Nuvoton Technology Corp. All rights reserved.                                        
             - */
   5          /*                                                                                                        
             - */
   6          /*--------------------------------------------------------------------------------------------------------
             --*/
   7          
   8          #include "MG51.H"
   9          
  10          bit BIT_TMP;
  11          /**
  12           * @brief       Read Dataflash
  13           * @param       Dataflash start address
  14           * @return      Dataflash Value
  15           * @details     None
  16           */
  17          unsigned char Read_APROM_BYTE(unsigned int code *u16_addr)
  18          {
  19   1          unsigned char rdata;
  20   1          rdata = *u16_addr >> 8;
  21   1          return rdata;
  22   1      }


MODULE INFORMATION:   STATIC OVERLAYABLE
   CODE SIZE        =      8    ----
   CONSTANT SIZE    =   ----    ----
   XDATA SIZE       =   ----    ----
   PDATA SIZE       =   ----    ----
   DATA SIZE        =   ----    ----
   IDATA SIZE       =   ----    ----
   BIT SIZE         =      1    ----
   EDATA SIZE       =   ----    ----
   HDATA SIZE       =   ----    ----
   XDATA CONST SIZE =   ----    ----
   FAR CONST SIZE   =   ----    ----
END OF MODULE INFORMATION.


C51 COMPILATION COMPLETE.  0 WARNING(S),  0 ERROR(S)
