C51 COMPILER V9.60.0.0   MAIN                                                              05/19/2023 11:27:02 PAGE 1   


C51 COMPILER V9.60.0.0, COMPILATION OF MODULE MAIN
OBJECT MODULE PLACED IN .\Output\main.obj
COMPILER INVOKED BY: C:\Keil_v5\C51\BIN\C51.EXE ..\main.c LARGE OMF2 OPTIMIZE(7,SPEED) BROWSE INCDIR(..\..\..\..\Library
                    -\Device\Include;..\..\..\..\Library\StdDriver\inc) DEBUG PRINT(.\LST\main.lst) TABS(2) OBJECT(.\Output\main.obj)

line level    source

   1          /*--------------------------------------------------------------------------------------------------------
             --*/
   2          /*                                                                                                        
             - */
   3          /* SPDX-License-Identifier: Apache-2.0                                                                    
             - */
   4          /* Copyright(c) 2023 Nuvoton Technology Corp. All rights reserved.                                        
             - */
   5          /*                                                                                                        
             - */
   6          /*--------------------------------------------------------------------------------------------------------
             --*/
   7          
   8          
   9          //********************************************************************************************************
             -***
  10          //  File Function: MG51 power down code for test power down current, BOD disabled.
  11          //********************************************************************************************************
             -***
  12          #include "MG51.H"
  13          
  14          
  15          void main (void) 
  16          {
  17   1      /* UART0 settting for printf function */
  18   1          MODIFY_HIRC(HIRC_24);
  19   1          Enable_UART0_VCOM_printf_24M_115200();
  20   1          printf ("\n Test start ...");
  21   1      
  22   1      /* Quasi mode better for power down power comsuption (necessary) */
  23   1          ALL_GPIO_QUASI_MODE;
  24   1          P0=0;
  25   1          P1=0;
  26   1          P2=0;
  27   1      /* clock only for reference, real chip please don't output clock (necessary)*/
  28   1          set_CKCON_CLOEN;
  29   1      /*MUST Disable BOD to low power (necessary) */
  30   1          BOD_DISABLE;              //BOD enable power down current please check datasheet DC charactor.
  31   1      
  32   1      /* Real into power down mode (necessary) */
  33   1          set_PCON_PD;
  34   1          while(1);
  35   1        
  36   1      }
  37          
  38          
  39          


MODULE INFORMATION:   STATIC OVERLAYABLE
   CODE SIZE        =     82    ----
   CONSTANT SIZE    =     17    ----
   XDATA SIZE       =   ----    ----
   PDATA SIZE       =   ----    ----
C51 COMPILER V9.60.0.0   MAIN                                                              05/19/2023 11:27:02 PAGE 2   

   DATA SIZE        =   ----    ----
   IDATA SIZE       =   ----    ----
   BIT SIZE         =   ----    ----
   EDATA SIZE       =   ----    ----
   HDATA SIZE       =   ----    ----
   XDATA CONST SIZE =   ----    ----
   FAR CONST SIZE   =   ----    ----
END OF MODULE INFORMATION.


C51 COMPILATION COMPLETE.  0 WARNING(S),  0 ERROR(S)
